<?xml version="1.0" encoding="UTF-8"?>
<!-- Generated by org.testng.reporters.JUnitReportReporter -->
<testsuite hostname="TYSS-Shirisha" failures="0" tests="1" name="framework.AddCourseTestNGImplementationTest" time="11.732" errors="0" timestamp="2024-11-05T21:59:49 IST" skipped="0">
  <testcase classname="framework.AddCourseTestNGImplementationTest" name="addCourseTest" time="11.732"/>
</testsuite> <!-- framework.AddCourseTestNGImplementationTest -->
